[01m[K/home/tarmy/ros/fsb/catkin_g2otest/src/beginner_tutorials/src/calculate.cpp:[m[K In function â€˜[01m[Kint main(int, char**)[m[Kâ€™:
[01m[K/home/tarmy/ros/fsb/catkin_g2otest/src/beginner_tutorials/src/calculate.cpp:123:23:[m[K [01;31m[Kerror: [m[Kâ€˜[01m[Kmake_unique[m[Kâ€™ was not declared in this scope
     auto linearSolver=make_unique<LinearSolverCSparse<BlockSolverX::PoseMatrixType>>();
[01;32m[K                       ^[m[K
[01m[K/home/tarmy/ros/fsb/catkin_g2otest/src/beginner_tutorials/src/calculate.cpp:123:83:[m[K [01;31m[Kerror: [m[Kexpected primary-expression before â€˜[01m[K>[m[Kâ€™ token
     auto linearSolver=make_unique<LinearSolverCSparse<BlockSolverX::PoseMatrixType>>();
[01;32m[K                                                                                   ^[m[K
[01m[K/home/tarmy/ros/fsb/catkin_g2otest/src/beginner_tutorials/src/calculate.cpp:123:86:[m[K [01;31m[Kerror: [m[Kexpected primary-expression before â€˜[01m[K)[m[Kâ€™ token
     auto linearSolver=make_unique<LinearSolverCSparse<BlockSolverX::PoseMatrixType>>();
[01;32m[K                                                                                      ^[m[K
[01m[K/home/tarmy/ros/fsb/catkin_g2otest/src/beginner_tutorials/src/calculate.cpp:126:46:[m[K [01;31m[Kerror: [m[Kexpected primary-expression before â€˜[01m[K>[m[Kâ€™ token
     auto blockSolver=make_unique<BlockSolverX>(std::move(linearSolver));
[01;32m[K                                              ^[m[K
make[2]: *** [CMakeFiles/calculate.dir/src/calculate.cpp.o] Error 1
make[1]: *** [CMakeFiles/calculate.dir/all] Error 2
make: *** [all] Error 2
